2023-08-04 15:23:36,389 [Worker-1: Loading available Gradle versions] INFO  o.e.b.c.i.u.g.PublishedGradleVersions - Gradle version information cache is up-to-date. Trying to read.
2023-08-04 15:24:21,623 [Worker-1: Loading available Gradle versions] INFO  o.e.b.c.i.u.g.PublishedGradleVersions - Gradle version information cache is up-to-date. Trying to read.
2023-08-04 15:25:36,132 [Worker-1: Importing Maven projects] INFO  o.e.m.c.i.l.LifecycleMappingFactory - Using org.eclipse.m2e.jdt.JarLifecycleMapping lifecycle mapping for MavenProject: application:HelloWorldMaven:1.0-SNAPSHOT @ /home/walters/src/advance-java/advance-java/HelloWorldMaven/pom.xml.
2023-08-04 15:25:36,554 [Worker-1: Importing Maven projects] INFO  o.e.m.j.i.AbstractJavaProjectConfigurator - Adding source folder /HelloWorldMaven/src/main/java
2023-08-04 15:25:36,555 [Worker-1: Importing Maven projects] INFO  o.e.m.j.i.AbstractJavaProjectConfigurator - Adding source folder /HelloWorldMaven/src/test/java
2023-08-04 15:25:36,625 [Worker-1: Importing Maven projects] INFO  o.e.m.c.i.p.ProjectConfigurationManager - Imported and configured 1 project(s) in 1 sec
2023-08-04 15:25:38,663 [Worker-1: Building] INFO  o.e.m.c.i.embedder.EclipseLogger - Using 'UTF-8' encoding to copy filtered resources.
2023-08-04 15:25:38,663 [Worker-1: Building] INFO  o.e.m.c.i.embedder.EclipseLogger - skip non existing resourceDirectory /home/walters/src/advance-java/advance-java/HelloWorldMaven/src/main/resources
2023-08-04 15:25:38,665 [Worker-1: Building] INFO  o.e.m.c.i.embedder.EclipseLogger - Using 'UTF-8' encoding to copy filtered resources.
2023-08-04 15:25:38,665 [Worker-1: Building] INFO  o.e.m.c.i.embedder.EclipseLogger - skip non existing resourceDirectory /home/walters/src/advance-java/advance-java/HelloWorldMaven/src/test/resources
2023-08-04 15:25:57,961 [Worker-8: Building] INFO  o.e.m.c.i.embedder.EclipseLogger - Using 'UTF-8' encoding to copy filtered resources.
2023-08-04 15:25:57,961 [Worker-8: Building] INFO  o.e.m.c.i.embedder.EclipseLogger - skip non existing resourceDirectory /home/walters/src/advance-java/advance-java/HelloWorldMaven/src/main/resources
2023-08-04 15:25:57,971 [Worker-8: Building] INFO  o.e.m.c.i.embedder.EclipseLogger - Using 'UTF-8' encoding to copy filtered resources.
2023-08-04 15:25:57,971 [Worker-8: Building] INFO  o.e.m.c.i.embedder.EclipseLogger - skip non existing resourceDirectory /home/walters/src/advance-java/advance-java/HelloWorldMaven/src/test/resources
2023-08-04 15:34:44,475 [Worker-16: Launching mavenrun-1ddaeadd-1285-4058-aa56-58b2ab532aed] INFO  o.eclipse.m2e.core.internal.Bundles - getClasspathEntries(Bundle=org.eclipse.m2e.maven.runtime_3.8.604.20221130-2149 [264])
2023-08-04 15:34:44,485 [Worker-16: Launching mavenrun-1ddaeadd-1285-4058-aa56-58b2ab532aed] INFO  o.eclipse.m2e.core.internal.Bundles - 	Entry: /snap/eclipse/67/plugins/org.eclipse.m2e.maven.runtime_3.8.604.20221130-2149
2023-08-04 15:34:44,486 [Worker-16: Launching mavenrun-1ddaeadd-1285-4058-aa56-58b2ab532aed] INFO  o.eclipse.m2e.core.internal.Bundles - 	Entry: /snap/eclipse/67/plugins/org.eclipse.m2e.maven.runtime_3.8.604.20221130-2149/jars/aether-connector-okhttp-0.17.8.jar
2023-08-04 15:34:44,486 [Worker-16: Launching mavenrun-1ddaeadd-1285-4058-aa56-58b2ab532aed] INFO  o.eclipse.m2e.core.internal.Bundles - 	Entry: /snap/eclipse/67/plugins/org.eclipse.m2e.maven.runtime_3.8.604.20221130-2149/jars/commons-cli-1.4.jar
2023-08-04 15:34:44,486 [Worker-16: Launching mavenrun-1ddaeadd-1285-4058-aa56-58b2ab532aed] INFO  o.eclipse.m2e.core.internal.Bundles - 	Entry: /snap/eclipse/67/plugins/org.eclipse.m2e.maven.runtime_3.8.604.20221130-2149/jars/commons-io-2.6.jar
2023-08-04 15:34:44,486 [Worker-16: Launching mavenrun-1ddaeadd-1285-4058-aa56-58b2ab532aed] INFO  o.eclipse.m2e.core.internal.Bundles - 	Entry: /snap/eclipse/67/plugins/org.eclipse.m2e.maven.runtime_3.8.604.20221130-2149/jars/commons-lang3-3.8.1.jar
2023-08-04 15:34:44,486 [Worker-16: Launching mavenrun-1ddaeadd-1285-4058-aa56-58b2ab532aed] INFO  o.eclipse.m2e.core.internal.Bundles - 	Entry: /snap/eclipse/67/plugins/org.eclipse.m2e.maven.runtime_3.8.604.20221130-2149/jars/guice-4.2.2-no_aop.jar
2023-08-04 15:34:44,486 [Worker-16: Launching mavenrun-1ddaeadd-1285-4058-aa56-58b2ab532aed] INFO  o.eclipse.m2e.core.internal.Bundles - 	Entry: /snap/eclipse/67/plugins/org.eclipse.m2e.maven.runtime_3.8.604.20221130-2149/jars/jansi-2.4.0.jar
2023-08-04 15:34:44,486 [Worker-16: Launching mavenrun-1ddaeadd-1285-4058-aa56-58b2ab532aed] INFO  o.eclipse.m2e.core.internal.Bundles - 	Entry: /snap/eclipse/67/plugins/org.eclipse.m2e.maven.runtime_3.8.604.20221130-2149/jars/maven-artifact-3.8.6.jar
2023-08-04 15:34:44,486 [Worker-16: Launching mavenrun-1ddaeadd-1285-4058-aa56-58b2ab532aed] INFO  o.eclipse.m2e.core.internal.Bundles - 	Entry: /snap/eclipse/67/plugins/org.eclipse.m2e.maven.runtime_3.8.604.20221130-2149/jars/maven-builder-support-3.8.6.jar
2023-08-04 15:34:44,486 [Worker-16: Launching mavenrun-1ddaeadd-1285-4058-aa56-58b2ab532aed] INFO  o.eclipse.m2e.core.internal.Bundles - 	Entry: /snap/eclipse/67/plugins/org.eclipse.m2e.maven.runtime_3.8.604.20221130-2149/jars/maven-compat-3.8.6.jar
2023-08-04 15:34:44,486 [Worker-16: Launching mavenrun-1ddaeadd-1285-4058-aa56-58b2ab532aed] INFO  o.eclipse.m2e.core.internal.Bundles - 	Entry: /snap/eclipse/67/plugins/org.eclipse.m2e.maven.runtime_3.8.604.20221130-2149/jars/maven-core-3.8.6.jar
2023-08-04 15:34:44,486 [Worker-16: Launching mavenrun-1ddaeadd-1285-4058-aa56-58b2ab532aed] INFO  o.eclipse.m2e.core.internal.Bundles - 	Entry: /snap/eclipse/67/plugins/org.eclipse.m2e.maven.runtime_3.8.604.20221130-2149/jars/maven-embedder-3.8.6.jar
2023-08-04 15:34:44,486 [Worker-16: Launching mavenrun-1ddaeadd-1285-4058-aa56-58b2ab532aed] INFO  o.eclipse.m2e.core.internal.Bundles - 	Entry: /snap/eclipse/67/plugins/org.eclipse.m2e.maven.runtime_3.8.604.20221130-2149/jars/maven-model-3.8.6.jar
2023-08-04 15:34:44,486 [Worker-16: Launching mavenrun-1ddaeadd-1285-4058-aa56-58b2ab532aed] INFO  o.eclipse.m2e.core.internal.Bundles - 	Entry: /snap/eclipse/67/plugins/org.eclipse.m2e.maven.runtime_3.8.604.20221130-2149/jars/maven-model-builder-3.8.6.jar
2023-08-04 15:34:44,486 [Worker-16: Launching mavenrun-1ddaeadd-1285-4058-aa56-58b2ab532aed] INFO  o.eclipse.m2e.core.internal.Bundles - 	Entry: /snap/eclipse/67/plugins/org.eclipse.m2e.maven.runtime_3.8.604.20221130-2149/jars/maven-plugin-api-3.8.6.jar
2023-08-04 15:34:44,486 [Worker-16: Launching mavenrun-1ddaeadd-1285-4058-aa56-58b2ab532aed] INFO  o.eclipse.m2e.core.internal.Bundles - 	Entry: /snap/eclipse/67/plugins/org.eclipse.m2e.maven.runtime_3.8.604.20221130-2149/jars/maven-repository-metadata-3.8.6.jar
2023-08-04 15:34:44,486 [Worker-16: Launching mavenrun-1ddaeadd-1285-4058-aa56-58b2ab532aed] INFO  o.eclipse.m2e.core.internal.Bundles - 	Entry: /snap/eclipse/67/plugins/org.eclipse.m2e.maven.runtime_3.8.604.20221130-2149/jars/maven-resolver-api-1.6.3.jar
2023-08-04 15:34:44,486 [Worker-16: Launching mavenrun-1ddaeadd-1285-4058-aa56-58b2ab532aed] INFO  o.eclipse.m2e.core.internal.Bundles - 	Entry: /snap/eclipse/67/plugins/org.eclipse.m2e.maven.runtime_3.8.604.20221130-2149/jars/maven-resolver-connector-basic-1.6.3.jar
2023-08-04 15:34:44,486 [Worker-16: Launching mavenrun-1ddaeadd-1285-4058-aa56-58b2ab532aed] INFO  o.eclipse.m2e.core.internal.Bundles - 	Entry: /snap/eclipse/67/plugins/org.eclipse.m2e.maven.runtime_3.8.604.20221130-2149/jars/maven-resolver-impl-1.6.3.jar
2023-08-04 15:34:44,486 [Worker-16: Launching mavenrun-1ddaeadd-1285-4058-aa56-58b2ab532aed] INFO  o.eclipse.m2e.core.internal.Bundles - 	Entry: /snap/eclipse/67/plugins/org.eclipse.m2e.maven.runtime_3.8.604.20221130-2149/jars/maven-resolver-provider-3.8.6.jar
2023-08-04 15:34:44,486 [Worker-16: Launching mavenrun-1ddaeadd-1285-4058-aa56-58b2ab532aed] INFO  o.eclipse.m2e.core.internal.Bundles - 	Entry: /snap/eclipse/67/plugins/org.eclipse.m2e.maven.runtime_3.8.604.20221130-2149/jars/maven-resolver-spi-1.6.3.jar
2023-08-04 15:34:44,486 [Worker-16: Launching mavenrun-1ddaeadd-1285-4058-aa56-58b2ab532aed] INFO  o.eclipse.m2e.core.internal.Bundles - 	Entry: /snap/eclipse/67/plugins/org.eclipse.m2e.maven.runtime_3.8.604.20221130-2149/jars/maven-resolver-transport-wagon-1.6.3.jar
2023-08-04 15:34:44,486 [Worker-16: Launching mavenrun-1ddaeadd-1285-4058-aa56-58b2ab532aed] INFO  o.eclipse.m2e.core.internal.Bundles - 	Entry: /snap/eclipse/67/plugins/org.eclipse.m2e.maven.runtime_3.8.604.20221130-2149/jars/maven-resolver-util-1.6.3.jar
2023-08-04 15:34:44,486 [Worker-16: Launching mavenrun-1ddaeadd-1285-4058-aa56-58b2ab532aed] INFO  o.eclipse.m2e.core.internal.Bundles - 	Entry: /snap/eclipse/67/plugins/org.eclipse.m2e.maven.runtime_3.8.604.20221130-2149/jars/maven-settings-3.8.6.jar
2023-08-04 15:34:44,486 [Worker-16: Launching mavenrun-1ddaeadd-1285-4058-aa56-58b2ab532aed] INFO  o.eclipse.m2e.core.internal.Bundles - 	Entry: /snap/eclipse/67/plugins/org.eclipse.m2e.maven.runtime_3.8.604.20221130-2149/jars/maven-settings-builder-3.8.6.jar
2023-08-04 15:34:44,486 [Worker-16: Launching mavenrun-1ddaeadd-1285-4058-aa56-58b2ab532aed] INFO  o.eclipse.m2e.core.internal.Bundles - 	Entry: /snap/eclipse/67/plugins/org.eclipse.m2e.maven.runtime_3.8.604.20221130-2149/jars/maven-shared-utils-3.3.4.jar
2023-08-04 15:34:44,486 [Worker-16: Launching mavenrun-1ddaeadd-1285-4058-aa56-58b2ab532aed] INFO  o.eclipse.m2e.core.internal.Bundles - 	Entry: /snap/eclipse/67/plugins/org.eclipse.m2e.maven.runtime_3.8.604.20221130-2149/jars/okhttp-3.14.1.jar
2023-08-04 15:34:44,486 [Worker-16: Launching mavenrun-1ddaeadd-1285-4058-aa56-58b2ab532aed] INFO  o.eclipse.m2e.core.internal.Bundles - 	Entry: /snap/eclipse/67/plugins/org.eclipse.m2e.maven.runtime_3.8.604.20221130-2149/jars/okio-1.17.3.jar
2023-08-04 15:34:44,486 [Worker-16: Launching mavenrun-1ddaeadd-1285-4058-aa56-58b2ab532aed] INFO  o.eclipse.m2e.core.internal.Bundles - 	Entry: /snap/eclipse/67/plugins/org.eclipse.m2e.maven.runtime_3.8.604.20221130-2149/jars/org.eclipse.sisu.inject-0.3.5.jar
2023-08-04 15:34:44,486 [Worker-16: Launching mavenrun-1ddaeadd-1285-4058-aa56-58b2ab532aed] INFO  o.eclipse.m2e.core.internal.Bundles - 	Entry: /snap/eclipse/67/plugins/org.eclipse.m2e.maven.runtime_3.8.604.20221130-2149/jars/org.eclipse.sisu.plexus-0.3.5.jar
2023-08-04 15:34:44,486 [Worker-16: Launching mavenrun-1ddaeadd-1285-4058-aa56-58b2ab532aed] INFO  o.eclipse.m2e.core.internal.Bundles - 	Entry: /snap/eclipse/67/plugins/org.eclipse.m2e.maven.runtime_3.8.604.20221130-2149/jars/plexus-build-api-0.0.7.jar
2023-08-04 15:34:44,486 [Worker-16: Launching mavenrun-1ddaeadd-1285-4058-aa56-58b2ab532aed] INFO  o.eclipse.m2e.core.internal.Bundles - 	Entry: /snap/eclipse/67/plugins/org.eclipse.m2e.maven.runtime_3.8.604.20221130-2149/jars/plexus-cipher-2.0.jar
2023-08-04 15:34:44,486 [Worker-16: Launching mavenrun-1ddaeadd-1285-4058-aa56-58b2ab532aed] INFO  o.eclipse.m2e.core.internal.Bundles - 	Entry: /snap/eclipse/67/plugins/org.eclipse.m2e.maven.runtime_3.8.604.20221130-2149/jars/plexus-classworlds-2.6.0.jar
2023-08-04 15:34:44,486 [Worker-16: Launching mavenrun-1ddaeadd-1285-4058-aa56-58b2ab532aed] INFO  o.eclipse.m2e.core.internal.Bundles - 	Entry: /snap/eclipse/67/plugins/org.eclipse.m2e.maven.runtime_3.8.604.20221130-2149/jars/plexus-component-annotations-2.1.0.jar
2023-08-04 15:34:44,486 [Worker-16: Launching mavenrun-1ddaeadd-1285-4058-aa56-58b2ab532aed] INFO  o.eclipse.m2e.core.internal.Bundles - 	Entry: /snap/eclipse/67/plugins/org.eclipse.m2e.maven.runtime_3.8.604.20221130-2149/jars/plexus-interpolation-1.26.jar
2023-08-04 15:34:44,486 [Worker-16: Launching mavenrun-1ddaeadd-1285-4058-aa56-58b2ab532aed] INFO  o.eclipse.m2e.core.internal.Bundles - 	Entry: /snap/eclipse/67/plugins/org.eclipse.m2e.maven.runtime_3.8.604.20221130-2149/jars/plexus-sec-dispatcher-2.0.jar
2023-08-04 15:34:44,486 [Worker-16: Launching mavenrun-1ddaeadd-1285-4058-aa56-58b2ab532aed] INFO  o.eclipse.m2e.core.internal.Bundles - 	Entry: /snap/eclipse/67/plugins/org.eclipse.m2e.maven.runtime_3.8.604.20221130-2149/jars/plexus-utils-3.3.1.jar
2023-08-04 15:34:44,486 [Worker-16: Launching mavenrun-1ddaeadd-1285-4058-aa56-58b2ab532aed] INFO  o.eclipse.m2e.core.internal.Bundles - 	Entry: /snap/eclipse/67/plugins/org.eclipse.m2e.maven.runtime_3.8.604.20221130-2149/jars/wagon-file-3.5.1.jar
2023-08-04 15:34:44,486 [Worker-16: Launching mavenrun-1ddaeadd-1285-4058-aa56-58b2ab532aed] INFO  o.eclipse.m2e.core.internal.Bundles - 	Entry: /snap/eclipse/67/plugins/org.eclipse.m2e.maven.runtime_3.8.604.20221130-2149/jars/wagon-provider-api-3.5.1.jar
2023-08-04 15:34:44,487 [Worker-16: Launching mavenrun-1ddaeadd-1285-4058-aa56-58b2ab532aed] INFO  o.eclipse.m2e.core.internal.Bundles - getClasspathEntries(Bundle=com.google.guava_30.1.0.v20221112-0806 [8])
2023-08-04 15:34:44,488 [Worker-16: Launching mavenrun-1ddaeadd-1285-4058-aa56-58b2ab532aed] INFO  o.eclipse.m2e.core.internal.Bundles - 	Entry: /snap/eclipse/67/plugins/com.google.guava_30.1.0.v20221112-0806.jar
2023-08-04 15:34:44,488 [Worker-16: Launching mavenrun-1ddaeadd-1285-4058-aa56-58b2ab532aed] INFO  o.eclipse.m2e.core.internal.Bundles - getClasspathEntries(Bundle=slf4j.api_1.7.36 [426])
2023-08-04 15:34:44,531 [Worker-16: Launching mavenrun-1ddaeadd-1285-4058-aa56-58b2ab532aed] INFO  o.eclipse.m2e.core.internal.Bundles - 	Entry: /snap/eclipse/67/plugins/slf4j.api_1.7.36.jar
2023-08-04 15:34:44,531 [Worker-16: Launching mavenrun-1ddaeadd-1285-4058-aa56-58b2ab532aed] INFO  o.eclipse.m2e.core.internal.Bundles - getClasspathEntries(Bundle=javax.inject_1.0.0.v20220405-0441 [18])
2023-08-04 15:34:44,532 [Worker-16: Launching mavenrun-1ddaeadd-1285-4058-aa56-58b2ab532aed] INFO  o.eclipse.m2e.core.internal.Bundles - 	Entry: /snap/eclipse/67/plugins/javax.inject_1.0.0.v20220405-0441.jar
2023-08-04 15:34:44,532 [Worker-16: Launching mavenrun-1ddaeadd-1285-4058-aa56-58b2ab532aed] INFO  o.eclipse.m2e.core.internal.Bundles - getClasspathEntries(Bundle=javax.annotation_1.3.5.v20221112-0806 [16])
2023-08-04 15:34:44,533 [Worker-16: Launching mavenrun-1ddaeadd-1285-4058-aa56-58b2ab532aed] INFO  o.eclipse.m2e.core.internal.Bundles - 	Entry: /snap/eclipse/67/plugins/javax.annotation_1.3.5.v20221112-0806.jar
2023-08-04 15:34:44,535 [Worker-16: Launching mavenrun-1ddaeadd-1285-4058-aa56-58b2ab532aed] INFO  o.e.m.i.launch.MavenLaunchDelegate - Run build in "/tmp/m2e-archetypeGenerator14186377430133922105":
2023-08-04 15:34:44,536 [Worker-16: Launching mavenrun-1ddaeadd-1285-4058-aa56-58b2ab532aed] INFO  o.e.m.i.launch.MavenLaunchDelegate -  mvn  -DarchetypeGroupId=org.apache.maven.archetypes -DarchetypeArtifactId=maven-archetype-quickstart -DarchetypeVersion=1.4 -DgroupId=com.example.maven -DartifactId=helloworldmaveneclipse -Dversion=0.0.1-SNAPSHOT -Dpackage=com.example.maven.helloworldmaveneclipse -DoutputDirectory=/home/walters/src/advance-java -Dstyle.color=always -U archetype:generate
2023-08-04 15:35:21,807 [Worker-15: Creating maven-archetype-quickstart] INFO  o.e.m.c.i.p.ProjectConfigurationManager - Collecting project info '/pom.xml' /home/walters/src/advance-java/helloworldmaveneclipse/pom.xml
2023-08-04 15:35:21,887 [Worker-15: Creating maven-archetype-quickstart] INFO  o.e.m.c.i.l.LifecycleMappingFactory - Using org.eclipse.m2e.jdt.JarLifecycleMapping lifecycle mapping for MavenProject: com.example.maven:helloworldmaveneclipse:0.0.1-SNAPSHOT @ /home/walters/src/advance-java/helloworldmaveneclipse/pom.xml.
2023-08-04 15:35:22,100 [Worker-15: Creating maven-archetype-quickstart] INFO  o.e.m.j.i.AbstractJavaProjectConfigurator - Adding source folder /helloworldmaveneclipse/src/main/java
2023-08-04 15:35:22,106 [Worker-15: Creating maven-archetype-quickstart] INFO  o.e.m.j.i.AbstractJavaProjectConfigurator - Adding source folder /helloworldmaveneclipse/src/test/java
2023-08-04 15:35:22,144 [Worker-15: Creating maven-archetype-quickstart] INFO  o.e.m.c.i.p.ProjectConfigurationManager - Imported and configured 1 project(s) in 0 sec
2023-08-04 15:35:22,714 [Worker-15: Building] INFO  o.e.m.c.i.embedder.EclipseLogger - Using 'UTF-8' encoding to copy filtered resources.
2023-08-04 15:35:22,714 [Worker-15: Building] INFO  o.e.m.c.i.embedder.EclipseLogger - skip non existing resourceDirectory /home/walters/src/advance-java/helloworldmaveneclipse/src/main/resources
2023-08-04 15:35:22,715 [Worker-15: Building] INFO  o.e.m.c.i.embedder.EclipseLogger - Using 'UTF-8' encoding to copy filtered resources.
2023-08-04 15:35:22,715 [Worker-15: Building] INFO  o.e.m.c.i.embedder.EclipseLogger - skip non existing resourceDirectory /home/walters/src/advance-java/helloworldmaveneclipse/src/test/resources
