2023-08-07 08:10:31,112 [Worker-6: Loading available Gradle versions] INFO  o.e.b.c.i.u.g.PublishedGradleVersions - Gradle version information cache is out-of-date. Trying to update.
2023-08-07 08:12:22,048 [Worker-5: Importing Maven projects] INFO  o.e.m.c.i.l.LifecycleMappingFactory - Using org.eclipse.m2e.jdt.JarLifecycleMapping lifecycle mapping for MavenProject: application:HellowWorldMavenEclipse:0.0.1-SNAPSHOT @ /home/walters/src/advance-java/HelloWorldMaven/HellowWorldMavenEclipse/pom.xml.
2023-08-07 08:12:22,866 [Worker-5: Importing Maven projects] INFO  o.e.m.j.i.AbstractJavaProjectConfigurator - Adding source folder /HellowWorldMavenEclipse/src/main/java
2023-08-07 08:12:22,866 [Worker-5: Importing Maven projects] INFO  o.e.m.j.i.AbstractJavaProjectConfigurator - Adding source folder /HellowWorldMavenEclipse/src/test/java
2023-08-07 08:12:22,971 [Worker-5: Importing Maven projects] INFO  o.e.m.c.i.p.ProjectConfigurationManager - Imported and configured 1 project(s) in 2 sec
2023-08-07 08:12:24,515 [Worker-5: Building] INFO  o.e.m.c.i.embedder.EclipseLogger - Using 'UTF-8' encoding to copy filtered resources.
2023-08-07 08:12:24,515 [Worker-5: Building] INFO  o.e.m.c.i.embedder.EclipseLogger - skip non existing resourceDirectory /home/walters/src/advance-java/HelloWorldMaven/HellowWorldMavenEclipse/src/main/resources
2023-08-07 08:12:24,520 [Worker-5: Building] INFO  o.e.m.c.i.embedder.EclipseLogger - Using 'UTF-8' encoding to copy filtered resources.
2023-08-07 08:12:24,520 [Worker-5: Building] INFO  o.e.m.c.i.embedder.EclipseLogger - skip non existing resourceDirectory /home/walters/src/advance-java/HelloWorldMaven/HellowWorldMavenEclipse/src/test/resources
2023-08-07 08:16:43,350 [Worker-17: Launching package HellowWorldMavenEclipse] INFO  o.eclipse.m2e.core.internal.Bundles - getClasspathEntries(Bundle=org.eclipse.m2e.maven.runtime_3.8.604.20221130-2149 [264])
2023-08-07 08:16:43,353 [Worker-17: Launching package HellowWorldMavenEclipse] INFO  o.eclipse.m2e.core.internal.Bundles - 	Entry: /snap/eclipse/67/plugins/org.eclipse.m2e.maven.runtime_3.8.604.20221130-2149
2023-08-07 08:16:43,353 [Worker-17: Launching package HellowWorldMavenEclipse] INFO  o.eclipse.m2e.core.internal.Bundles - 	Entry: /snap/eclipse/67/plugins/org.eclipse.m2e.maven.runtime_3.8.604.20221130-2149/jars/aether-connector-okhttp-0.17.8.jar
2023-08-07 08:16:43,353 [Worker-17: Launching package HellowWorldMavenEclipse] INFO  o.eclipse.m2e.core.internal.Bundles - 	Entry: /snap/eclipse/67/plugins/org.eclipse.m2e.maven.runtime_3.8.604.20221130-2149/jars/commons-cli-1.4.jar
2023-08-07 08:16:43,353 [Worker-17: Launching package HellowWorldMavenEclipse] INFO  o.eclipse.m2e.core.internal.Bundles - 	Entry: /snap/eclipse/67/plugins/org.eclipse.m2e.maven.runtime_3.8.604.20221130-2149/jars/commons-io-2.6.jar
2023-08-07 08:16:43,353 [Worker-17: Launching package HellowWorldMavenEclipse] INFO  o.eclipse.m2e.core.internal.Bundles - 	Entry: /snap/eclipse/67/plugins/org.eclipse.m2e.maven.runtime_3.8.604.20221130-2149/jars/commons-lang3-3.8.1.jar
2023-08-07 08:16:43,353 [Worker-17: Launching package HellowWorldMavenEclipse] INFO  o.eclipse.m2e.core.internal.Bundles - 	Entry: /snap/eclipse/67/plugins/org.eclipse.m2e.maven.runtime_3.8.604.20221130-2149/jars/guice-4.2.2-no_aop.jar
2023-08-07 08:16:43,353 [Worker-17: Launching package HellowWorldMavenEclipse] INFO  o.eclipse.m2e.core.internal.Bundles - 	Entry: /snap/eclipse/67/plugins/org.eclipse.m2e.maven.runtime_3.8.604.20221130-2149/jars/jansi-2.4.0.jar
2023-08-07 08:16:43,353 [Worker-17: Launching package HellowWorldMavenEclipse] INFO  o.eclipse.m2e.core.internal.Bundles - 	Entry: /snap/eclipse/67/plugins/org.eclipse.m2e.maven.runtime_3.8.604.20221130-2149/jars/maven-artifact-3.8.6.jar
2023-08-07 08:16:43,353 [Worker-17: Launching package HellowWorldMavenEclipse] INFO  o.eclipse.m2e.core.internal.Bundles - 	Entry: /snap/eclipse/67/plugins/org.eclipse.m2e.maven.runtime_3.8.604.20221130-2149/jars/maven-builder-support-3.8.6.jar
2023-08-07 08:16:43,353 [Worker-17: Launching package HellowWorldMavenEclipse] INFO  o.eclipse.m2e.core.internal.Bundles - 	Entry: /snap/eclipse/67/plugins/org.eclipse.m2e.maven.runtime_3.8.604.20221130-2149/jars/maven-compat-3.8.6.jar
2023-08-07 08:16:43,353 [Worker-17: Launching package HellowWorldMavenEclipse] INFO  o.eclipse.m2e.core.internal.Bundles - 	Entry: /snap/eclipse/67/plugins/org.eclipse.m2e.maven.runtime_3.8.604.20221130-2149/jars/maven-core-3.8.6.jar
2023-08-07 08:16:43,353 [Worker-17: Launching package HellowWorldMavenEclipse] INFO  o.eclipse.m2e.core.internal.Bundles - 	Entry: /snap/eclipse/67/plugins/org.eclipse.m2e.maven.runtime_3.8.604.20221130-2149/jars/maven-embedder-3.8.6.jar
2023-08-07 08:16:43,353 [Worker-17: Launching package HellowWorldMavenEclipse] INFO  o.eclipse.m2e.core.internal.Bundles - 	Entry: /snap/eclipse/67/plugins/org.eclipse.m2e.maven.runtime_3.8.604.20221130-2149/jars/maven-model-3.8.6.jar
2023-08-07 08:16:43,353 [Worker-17: Launching package HellowWorldMavenEclipse] INFO  o.eclipse.m2e.core.internal.Bundles - 	Entry: /snap/eclipse/67/plugins/org.eclipse.m2e.maven.runtime_3.8.604.20221130-2149/jars/maven-model-builder-3.8.6.jar
2023-08-07 08:16:43,353 [Worker-17: Launching package HellowWorldMavenEclipse] INFO  o.eclipse.m2e.core.internal.Bundles - 	Entry: /snap/eclipse/67/plugins/org.eclipse.m2e.maven.runtime_3.8.604.20221130-2149/jars/maven-plugin-api-3.8.6.jar
2023-08-07 08:16:43,353 [Worker-17: Launching package HellowWorldMavenEclipse] INFO  o.eclipse.m2e.core.internal.Bundles - 	Entry: /snap/eclipse/67/plugins/org.eclipse.m2e.maven.runtime_3.8.604.20221130-2149/jars/maven-repository-metadata-3.8.6.jar
2023-08-07 08:16:43,353 [Worker-17: Launching package HellowWorldMavenEclipse] INFO  o.eclipse.m2e.core.internal.Bundles - 	Entry: /snap/eclipse/67/plugins/org.eclipse.m2e.maven.runtime_3.8.604.20221130-2149/jars/maven-resolver-api-1.6.3.jar
2023-08-07 08:16:43,353 [Worker-17: Launching package HellowWorldMavenEclipse] INFO  o.eclipse.m2e.core.internal.Bundles - 	Entry: /snap/eclipse/67/plugins/org.eclipse.m2e.maven.runtime_3.8.604.20221130-2149/jars/maven-resolver-connector-basic-1.6.3.jar
2023-08-07 08:16:43,353 [Worker-17: Launching package HellowWorldMavenEclipse] INFO  o.eclipse.m2e.core.internal.Bundles - 	Entry: /snap/eclipse/67/plugins/org.eclipse.m2e.maven.runtime_3.8.604.20221130-2149/jars/maven-resolver-impl-1.6.3.jar
2023-08-07 08:16:43,353 [Worker-17: Launching package HellowWorldMavenEclipse] INFO  o.eclipse.m2e.core.internal.Bundles - 	Entry: /snap/eclipse/67/plugins/org.eclipse.m2e.maven.runtime_3.8.604.20221130-2149/jars/maven-resolver-provider-3.8.6.jar
2023-08-07 08:16:43,353 [Worker-17: Launching package HellowWorldMavenEclipse] INFO  o.eclipse.m2e.core.internal.Bundles - 	Entry: /snap/eclipse/67/plugins/org.eclipse.m2e.maven.runtime_3.8.604.20221130-2149/jars/maven-resolver-spi-1.6.3.jar
2023-08-07 08:16:43,353 [Worker-17: Launching package HellowWorldMavenEclipse] INFO  o.eclipse.m2e.core.internal.Bundles - 	Entry: /snap/eclipse/67/plugins/org.eclipse.m2e.maven.runtime_3.8.604.20221130-2149/jars/maven-resolver-transport-wagon-1.6.3.jar
2023-08-07 08:16:43,353 [Worker-17: Launching package HellowWorldMavenEclipse] INFO  o.eclipse.m2e.core.internal.Bundles - 	Entry: /snap/eclipse/67/plugins/org.eclipse.m2e.maven.runtime_3.8.604.20221130-2149/jars/maven-resolver-util-1.6.3.jar
2023-08-07 08:16:43,353 [Worker-17: Launching package HellowWorldMavenEclipse] INFO  o.eclipse.m2e.core.internal.Bundles - 	Entry: /snap/eclipse/67/plugins/org.eclipse.m2e.maven.runtime_3.8.604.20221130-2149/jars/maven-settings-3.8.6.jar
2023-08-07 08:16:43,353 [Worker-17: Launching package HellowWorldMavenEclipse] INFO  o.eclipse.m2e.core.internal.Bundles - 	Entry: /snap/eclipse/67/plugins/org.eclipse.m2e.maven.runtime_3.8.604.20221130-2149/jars/maven-settings-builder-3.8.6.jar
2023-08-07 08:16:43,353 [Worker-17: Launching package HellowWorldMavenEclipse] INFO  o.eclipse.m2e.core.internal.Bundles - 	Entry: /snap/eclipse/67/plugins/org.eclipse.m2e.maven.runtime_3.8.604.20221130-2149/jars/maven-shared-utils-3.3.4.jar
2023-08-07 08:16:43,353 [Worker-17: Launching package HellowWorldMavenEclipse] INFO  o.eclipse.m2e.core.internal.Bundles - 	Entry: /snap/eclipse/67/plugins/org.eclipse.m2e.maven.runtime_3.8.604.20221130-2149/jars/okhttp-3.14.1.jar
2023-08-07 08:16:43,353 [Worker-17: Launching package HellowWorldMavenEclipse] INFO  o.eclipse.m2e.core.internal.Bundles - 	Entry: /snap/eclipse/67/plugins/org.eclipse.m2e.maven.runtime_3.8.604.20221130-2149/jars/okio-1.17.3.jar
2023-08-07 08:16:43,353 [Worker-17: Launching package HellowWorldMavenEclipse] INFO  o.eclipse.m2e.core.internal.Bundles - 	Entry: /snap/eclipse/67/plugins/org.eclipse.m2e.maven.runtime_3.8.604.20221130-2149/jars/org.eclipse.sisu.inject-0.3.5.jar
2023-08-07 08:16:43,353 [Worker-17: Launching package HellowWorldMavenEclipse] INFO  o.eclipse.m2e.core.internal.Bundles - 	Entry: /snap/eclipse/67/plugins/org.eclipse.m2e.maven.runtime_3.8.604.20221130-2149/jars/org.eclipse.sisu.plexus-0.3.5.jar
2023-08-07 08:16:43,353 [Worker-17: Launching package HellowWorldMavenEclipse] INFO  o.eclipse.m2e.core.internal.Bundles - 	Entry: /snap/eclipse/67/plugins/org.eclipse.m2e.maven.runtime_3.8.604.20221130-2149/jars/plexus-build-api-0.0.7.jar
2023-08-07 08:16:43,353 [Worker-17: Launching package HellowWorldMavenEclipse] INFO  o.eclipse.m2e.core.internal.Bundles - 	Entry: /snap/eclipse/67/plugins/org.eclipse.m2e.maven.runtime_3.8.604.20221130-2149/jars/plexus-cipher-2.0.jar
2023-08-07 08:16:43,353 [Worker-17: Launching package HellowWorldMavenEclipse] INFO  o.eclipse.m2e.core.internal.Bundles - 	Entry: /snap/eclipse/67/plugins/org.eclipse.m2e.maven.runtime_3.8.604.20221130-2149/jars/plexus-classworlds-2.6.0.jar
2023-08-07 08:16:43,353 [Worker-17: Launching package HellowWorldMavenEclipse] INFO  o.eclipse.m2e.core.internal.Bundles - 	Entry: /snap/eclipse/67/plugins/org.eclipse.m2e.maven.runtime_3.8.604.20221130-2149/jars/plexus-component-annotations-2.1.0.jar
2023-08-07 08:16:43,353 [Worker-17: Launching package HellowWorldMavenEclipse] INFO  o.eclipse.m2e.core.internal.Bundles - 	Entry: /snap/eclipse/67/plugins/org.eclipse.m2e.maven.runtime_3.8.604.20221130-2149/jars/plexus-interpolation-1.26.jar
2023-08-07 08:16:43,354 [Worker-17: Launching package HellowWorldMavenEclipse] INFO  o.eclipse.m2e.core.internal.Bundles - 	Entry: /snap/eclipse/67/plugins/org.eclipse.m2e.maven.runtime_3.8.604.20221130-2149/jars/plexus-sec-dispatcher-2.0.jar
2023-08-07 08:16:43,354 [Worker-17: Launching package HellowWorldMavenEclipse] INFO  o.eclipse.m2e.core.internal.Bundles - 	Entry: /snap/eclipse/67/plugins/org.eclipse.m2e.maven.runtime_3.8.604.20221130-2149/jars/plexus-utils-3.3.1.jar
2023-08-07 08:16:43,354 [Worker-17: Launching package HellowWorldMavenEclipse] INFO  o.eclipse.m2e.core.internal.Bundles - 	Entry: /snap/eclipse/67/plugins/org.eclipse.m2e.maven.runtime_3.8.604.20221130-2149/jars/wagon-file-3.5.1.jar
2023-08-07 08:16:43,354 [Worker-17: Launching package HellowWorldMavenEclipse] INFO  o.eclipse.m2e.core.internal.Bundles - 	Entry: /snap/eclipse/67/plugins/org.eclipse.m2e.maven.runtime_3.8.604.20221130-2149/jars/wagon-provider-api-3.5.1.jar
2023-08-07 08:16:43,354 [Worker-17: Launching package HellowWorldMavenEclipse] INFO  o.eclipse.m2e.core.internal.Bundles - getClasspathEntries(Bundle=com.google.guava_30.1.0.v20221112-0806 [8])
2023-08-07 08:16:43,355 [Worker-17: Launching package HellowWorldMavenEclipse] INFO  o.eclipse.m2e.core.internal.Bundles - 	Entry: /snap/eclipse/67/plugins/com.google.guava_30.1.0.v20221112-0806.jar
2023-08-07 08:16:43,355 [Worker-17: Launching package HellowWorldMavenEclipse] INFO  o.eclipse.m2e.core.internal.Bundles - getClasspathEntries(Bundle=slf4j.api_1.7.36 [426])
2023-08-07 08:16:43,355 [Worker-17: Launching package HellowWorldMavenEclipse] INFO  o.eclipse.m2e.core.internal.Bundles - 	Entry: /snap/eclipse/67/plugins/slf4j.api_1.7.36.jar
2023-08-07 08:16:43,355 [Worker-17: Launching package HellowWorldMavenEclipse] INFO  o.eclipse.m2e.core.internal.Bundles - getClasspathEntries(Bundle=javax.inject_1.0.0.v20220405-0441 [18])
2023-08-07 08:16:43,355 [Worker-17: Launching package HellowWorldMavenEclipse] INFO  o.eclipse.m2e.core.internal.Bundles - 	Entry: /snap/eclipse/67/plugins/javax.inject_1.0.0.v20220405-0441.jar
2023-08-07 08:16:43,355 [Worker-17: Launching package HellowWorldMavenEclipse] INFO  o.eclipse.m2e.core.internal.Bundles - getClasspathEntries(Bundle=javax.annotation_1.3.5.v20221112-0806 [16])
2023-08-07 08:16:43,356 [Worker-17: Launching package HellowWorldMavenEclipse] INFO  o.eclipse.m2e.core.internal.Bundles - 	Entry: /snap/eclipse/67/plugins/javax.annotation_1.3.5.v20221112-0806.jar
2023-08-07 08:16:43,368 [Worker-17: Launching package HellowWorldMavenEclipse] INFO  o.e.m.i.launch.MavenLaunchDelegate - Run build in "/home/walters/src/advance-java/HelloWorldMaven/HellowWorldMavenEclipse":
2023-08-07 08:16:43,370 [Worker-17: Launching package HellowWorldMavenEclipse] INFO  o.e.m.i.launch.MavenLaunchDelegate -  mvn  -B -Dstyle.color=always package
2023-08-07 08:16:59,731 [Worker-15: Building] INFO  o.e.m.c.i.embedder.EclipseLogger - Using 'UTF-8' encoding to copy filtered resources.
2023-08-07 08:16:59,731 [Worker-15: Building] INFO  o.e.m.c.i.embedder.EclipseLogger - skip non existing resourceDirectory /home/walters/src/advance-java/HelloWorldMaven/HellowWorldMavenEclipse/src/main/resources
2023-08-07 08:16:59,732 [Worker-15: Building] INFO  o.e.m.c.i.embedder.EclipseLogger - Using 'UTF-8' encoding to copy filtered resources.
2023-08-07 08:16:59,732 [Worker-15: Building] INFO  o.e.m.c.i.embedder.EclipseLogger - skip non existing resourceDirectory /home/walters/src/advance-java/HelloWorldMaven/HellowWorldMavenEclipse/src/test/resources
2023-08-07 08:17:24,006 [Worker-17: Launching package HellowWorldMavenEclipse] INFO  o.e.m.i.launch.MavenLaunchDelegate - Run build in "/home/walters/src/advance-java/HelloWorldMaven/HellowWorldMavenEclipse":
2023-08-07 08:17:24,006 [Worker-17: Launching package HellowWorldMavenEclipse] INFO  o.e.m.i.launch.MavenLaunchDelegate -  mvn  -B -Dstyle.color=always package
2023-08-07 08:19:30,676 [Worker-15: Launching package HellowWorldMavenEclipse] INFO  o.e.m.i.launch.MavenLaunchDelegate - Run build in "/home/walters/src/advance-java/HelloWorldMaven/HellowWorldMavenEclipse":
2023-08-07 08:19:30,676 [Worker-15: Launching package HellowWorldMavenEclipse] INFO  o.e.m.i.launch.MavenLaunchDelegate -  mvn  -B -Dstyle.color=always package
2023-08-07 08:28:48,526 [Worker-21: Launching New_configuration] INFO  o.e.m.i.launch.MavenLaunchDelegate - Run build in "/home/walters/src/advance-java/HelloWorldMaven/HellowWorldMavenEclipse":
2023-08-07 08:28:48,527 [Worker-21: Launching New_configuration] INFO  o.e.m.i.launch.MavenLaunchDelegate -  mvn  -B -Dstyle.color=always exec:java
2023-08-07 08:28:56,994 [Worker-25: Launching New_configuration] INFO  o.e.m.i.launch.MavenLaunchDelegate - Run build in "/home/walters/src/advance-java/HelloWorldMaven/HellowWorldMavenEclipse":
2023-08-07 08:28:56,994 [Worker-25: Launching New_configuration] INFO  o.e.m.i.launch.MavenLaunchDelegate -  mvn  -B -Dstyle.color=always exec:java
2023-08-07 08:32:50,473 [Worker-27: Launching package HellowWorldMavenEclipse] INFO  o.e.m.i.launch.MavenLaunchDelegate - Run build in "/home/walters/src/advance-java/HelloWorldMaven/HellowWorldMavenEclipse":
2023-08-07 08:32:50,473 [Worker-27: Launching package HellowWorldMavenEclipse] INFO  o.e.m.i.launch.MavenLaunchDelegate -  mvn  -B -Dstyle.color=always package
2023-08-07 09:37:27,609 [Worker-30: Launching mavenrun-a90f5b2f-08fb-4fce-ae01-3dc91dd7fc59] INFO  o.e.m.i.launch.MavenLaunchDelegate - Run build in "/tmp/m2e-archetypeGenerator3681801787417435443":
2023-08-07 09:37:27,610 [Worker-30: Launching mavenrun-a90f5b2f-08fb-4fce-ae01-3dc91dd7fc59] INFO  o.e.m.i.launch.MavenLaunchDelegate -  mvn  -DarchetypeGroupId=org.apache.maven.archetypes -DarchetypeArtifactId=maven-archetype-quickstart -DarchetypeVersion=1.4 -DgroupId=com.caveofprogramming.examples -DartifactId=guava-example -Dversion=0.0.1-SNAPSHOT -Dpackage=com.caveofprogramming.examples.guava_example -DoutputDirectory=/home/walters/src/advance-java/helloworldmaveneclipse -Dstyle.color=always -U archetype:generate
2023-08-07 09:38:03,897 [Worker-28: Creating maven-archetype-quickstart] INFO  o.e.m.c.i.p.ProjectConfigurationManager - Collecting project info '/pom.xml' /home/walters/src/advance-java/helloworldmaveneclipse/guava-example/pom.xml
2023-08-07 09:38:03,942 [Worker-28: Creating maven-archetype-quickstart] INFO  o.e.m.c.i.l.LifecycleMappingFactory - Using org.eclipse.m2e.jdt.JarLifecycleMapping lifecycle mapping for MavenProject: com.caveofprogramming.examples:guava-example:0.0.1-SNAPSHOT @ /home/walters/src/advance-java/helloworldmaveneclipse/guava-example/pom.xml.
2023-08-07 09:38:03,972 [Worker-28: Creating maven-archetype-quickstart] INFO  o.e.m.j.i.AbstractJavaProjectConfigurator - Adding source folder /guava-example/src/main/java
2023-08-07 09:38:03,976 [Worker-28: Creating maven-archetype-quickstart] INFO  o.e.m.j.i.AbstractJavaProjectConfigurator - Adding source folder /guava-example/src/test/java
2023-08-07 09:38:03,991 [Worker-28: Creating maven-archetype-quickstart] INFO  o.e.m.c.i.p.ProjectConfigurationManager - Imported and configured 1 project(s) in 0 sec
2023-08-07 09:38:04,279 [Worker-34: Building] INFO  o.e.m.c.i.embedder.EclipseLogger - Using 'UTF-8' encoding to copy filtered resources.
2023-08-07 09:38:04,279 [Worker-34: Building] INFO  o.e.m.c.i.embedder.EclipseLogger - skip non existing resourceDirectory /home/walters/src/advance-java/helloworldmaveneclipse/guava-example/src/main/resources
2023-08-07 09:38:04,280 [Worker-34: Building] INFO  o.e.m.c.i.embedder.EclipseLogger - Using 'UTF-8' encoding to copy filtered resources.
2023-08-07 09:38:04,280 [Worker-34: Building] INFO  o.e.m.c.i.embedder.EclipseLogger - skip non existing resourceDirectory /home/walters/src/advance-java/helloworldmaveneclipse/guava-example/src/test/resources
2023-08-07 09:38:25,493 [Worker-30: Building] INFO  o.e.m.c.i.embedder.EclipseLogger - Using 'UTF-8' encoding to copy filtered resources.
2023-08-07 09:38:25,493 [Worker-30: Building] INFO  o.e.m.c.i.embedder.EclipseLogger - skip non existing resourceDirectory /home/walters/src/advance-java/HelloWorldMaven/HellowWorldMavenEclipse/src/main/resources
2023-08-07 09:38:25,494 [Worker-30: Building] INFO  o.e.m.c.i.embedder.EclipseLogger - Using 'UTF-8' encoding to copy filtered resources.
2023-08-07 09:38:25,494 [Worker-30: Building] INFO  o.e.m.c.i.embedder.EclipseLogger - skip non existing resourceDirectory /home/walters/src/advance-java/HelloWorldMaven/HellowWorldMavenEclipse/src/test/resources
2023-08-07 09:38:25,496 [Worker-30: Building] INFO  o.e.m.c.i.embedder.EclipseLogger - Using 'UTF-8' encoding to copy filtered resources.
2023-08-07 09:38:25,496 [Worker-30: Building] INFO  o.e.m.c.i.embedder.EclipseLogger - skip non existing resourceDirectory /home/walters/src/advance-java/helloworldmaveneclipse/guava-example/src/main/resources
2023-08-07 09:38:25,497 [Worker-30: Building] INFO  o.e.m.c.i.embedder.EclipseLogger - Using 'UTF-8' encoding to copy filtered resources.
2023-08-07 09:38:25,497 [Worker-30: Building] INFO  o.e.m.c.i.embedder.EclipseLogger - skip non existing resourceDirectory /home/walters/src/advance-java/helloworldmaveneclipse/guava-example/src/test/resources
2023-08-07 09:39:37,641 [Worker-28: Building] INFO  o.e.m.c.i.l.LifecycleMappingFactory - Using org.eclipse.m2e.jdt.JarLifecycleMapping lifecycle mapping for MavenProject: com.caveofprogramming.examples:guava-example:0.0.1-SNAPSHOT @ /home/walters/src/advance-java/helloworldmaveneclipse/guava-example/pom.xml.
2023-08-07 09:39:37,692 [Worker-28: Building] INFO  o.e.m.c.i.embedder.EclipseLogger - Using 'UTF-8' encoding to copy filtered resources.
2023-08-07 09:39:37,692 [Worker-28: Building] INFO  o.e.m.c.i.embedder.EclipseLogger - skip non existing resourceDirectory /home/walters/src/advance-java/helloworldmaveneclipse/guava-example/src/main/resources
2023-08-07 09:39:37,698 [Worker-28: Building] INFO  o.e.m.c.i.embedder.EclipseLogger - Using 'UTF-8' encoding to copy filtered resources.
2023-08-07 09:39:37,698 [Worker-28: Building] INFO  o.e.m.c.i.embedder.EclipseLogger - skip non existing resourceDirectory /home/walters/src/advance-java/helloworldmaveneclipse/guava-example/src/test/resources
2023-08-07 09:40:08,964 [Worker-34: Updating Maven Project] INFO  o.e.m.c.i.p.ProjectConfigurationManager - Update started
2023-08-07 09:40:08,996 [Worker-34: Updating Maven Project] INFO  o.e.m.c.i.l.LifecycleMappingFactory - Using org.eclipse.m2e.jdt.JarLifecycleMapping lifecycle mapping for MavenProject: com.caveofprogramming.examples:guava-example:0.0.1-SNAPSHOT @ /home/walters/src/advance-java/helloworldmaveneclipse/guava-example/pom.xml.
2023-08-07 09:40:09,042 [Worker-34: Updating Maven Project] INFO  o.e.m.j.i.AbstractJavaProjectConfigurator - Adding source folder /guava-example/src/main/java
2023-08-07 09:40:09,042 [Worker-34: Updating Maven Project] INFO  o.e.m.j.i.AbstractJavaProjectConfigurator - Adding source folder /guava-example/src/test/java
2023-08-07 09:40:09,142 [Worker-34: Updating Maven Project] INFO  o.e.m.c.i.p.ProjectConfigurationManager - Update completed for 1 poms: local refresh takes 0.00 sec, refresh facades takes 0.00 sec, update config takes 0.00 sec 
2023-08-07 09:40:09,382 [Worker-30: Building] INFO  o.e.m.c.i.embedder.EclipseLogger - Using 'UTF-8' encoding to copy filtered resources.
2023-08-07 09:40:09,382 [Worker-30: Building] INFO  o.e.m.c.i.embedder.EclipseLogger - skip non existing resourceDirectory /home/walters/src/advance-java/helloworldmaveneclipse/guava-example/src/main/resources
2023-08-07 09:40:09,383 [Worker-30: Building] INFO  o.e.m.c.i.embedder.EclipseLogger - Using 'UTF-8' encoding to copy filtered resources.
2023-08-07 09:40:09,383 [Worker-30: Building] INFO  o.e.m.c.i.embedder.EclipseLogger - skip non existing resourceDirectory /home/walters/src/advance-java/helloworldmaveneclipse/guava-example/src/test/resources
2023-08-07 09:44:28,994 [Worker-35: Building] INFO  o.e.m.c.i.l.LifecycleMappingFactory - Using org.eclipse.m2e.jdt.JarLifecycleMapping lifecycle mapping for MavenProject: com.caveofprogramming.examples:guava-example:0.0.1-SNAPSHOT @ /home/walters/src/advance-java/helloworldmaveneclipse/guava-example/pom.xml.
2023-08-07 09:44:29,015 [Worker-35: Building] INFO  o.e.m.c.i.embedder.EclipseLogger - Using 'UTF-8' encoding to copy filtered resources.
2023-08-07 09:44:29,016 [Worker-35: Building] INFO  o.e.m.c.i.embedder.EclipseLogger - skip non existing resourceDirectory /home/walters/src/advance-java/helloworldmaveneclipse/guava-example/src/main/resources
2023-08-07 09:44:29,016 [Worker-35: Building] INFO  o.e.m.c.i.embedder.EclipseLogger - Using 'UTF-8' encoding to copy filtered resources.
2023-08-07 09:44:29,016 [Worker-35: Building] INFO  o.e.m.c.i.embedder.EclipseLogger - skip non existing resourceDirectory /home/walters/src/advance-java/helloworldmaveneclipse/guava-example/src/test/resources
2023-08-07 09:44:30,275 [Worker-36: Building] INFO  o.e.m.c.i.embedder.EclipseLogger - Using 'UTF-8' encoding to copy filtered resources.
2023-08-07 09:44:30,275 [Worker-36: Building] INFO  o.e.m.c.i.embedder.EclipseLogger - skip non existing resourceDirectory /home/walters/src/advance-java/helloworldmaveneclipse/guava-example/src/main/resources
2023-08-07 09:44:30,282 [Worker-35: Download sources and javadoc] INFO  o.e.m.c.i.e.AbstractTransferListenerAdapter - Downloading https://repo.maven.apache.org/maven2/com/google/guava/guava/32.1.2-jre/guava-32.1.2-jre-sources.jar
2023-08-07 09:44:30,287 [Worker-36: Building] INFO  o.e.m.c.i.embedder.EclipseLogger - Using 'UTF-8' encoding to copy filtered resources.
2023-08-07 09:44:30,287 [Worker-36: Building] INFO  o.e.m.c.i.embedder.EclipseLogger - skip non existing resourceDirectory /home/walters/src/advance-java/helloworldmaveneclipse/guava-example/src/test/resources
2023-08-07 09:44:31,356 [Worker-35: Download sources and javadoc] INFO  o.e.m.c.i.e.AbstractTransferListenerAdapter - Downloaded https://repo.maven.apache.org/maven2/com/google/guava/guava/32.1.2-jre/guava-32.1.2-jre-sources.jar
2023-08-07 09:44:31,357 [Worker-35: Download sources and javadoc] INFO  o.e.m.j.internal.DownloadSourcesJob - Downloaded sources for com.google.guava:guava:32.1.2-jre
2023-08-07 09:44:31,517 [Worker-35: Download sources and javadoc] INFO  o.e.m.c.i.e.AbstractTransferListenerAdapter - Downloading https://repo.maven.apache.org/maven2/com/google/guava/failureaccess/1.0.1/failureaccess-1.0.1-sources.jar
2023-08-07 09:44:31,601 [Worker-35: Download sources and javadoc] INFO  o.e.m.c.i.e.AbstractTransferListenerAdapter - Downloaded https://repo.maven.apache.org/maven2/com/google/guava/failureaccess/1.0.1/failureaccess-1.0.1-sources.jar
2023-08-07 09:44:31,602 [Worker-35: Download sources and javadoc] INFO  o.e.m.j.internal.DownloadSourcesJob - Downloaded sources for com.google.guava:failureaccess:1.0.1
2023-08-07 09:44:31,772 [Worker-35: Download sources and javadoc] INFO  o.e.m.c.i.e.AbstractTransferListenerAdapter - Downloaded https://repo.maven.apache.org/maven2/com/google/guava/listenablefuture/9999.0-empty-to-avoid-conflict-with-guava/listenablefuture-9999.0-empty-to-avoid-conflict-with-guava-sources.jar
2023-08-07 09:44:31,775 [Worker-35: Download sources and javadoc] ERROR o.e.m.j.internal.DownloadSourcesJob - Could not download sources for com.google.guava:listenablefuture:9999.0-empty-to-avoid-conflict-with-guava
org.eclipse.core.runtime.CoreException: Could not resolve artifact com.google.guava:listenablefuture:jar:sources:9999.0-empty-to-avoid-conflict-with-guava
	at org.eclipse.m2e.core.internal.embedder.MavenImpl.lambda$6(MavenImpl.java:587)
	at org.eclipse.m2e.core.internal.embedder.MavenExecutionContext.executeBare(MavenExecutionContext.java:364)
	at org.eclipse.m2e.core.internal.embedder.MavenExecutionContext.execute(MavenExecutionContext.java:227)
	at org.eclipse.m2e.core.internal.embedder.MavenExecutionContext.execute(MavenExecutionContext.java:213)
	at org.eclipse.m2e.core.internal.embedder.MavenImpl.resolve(MavenImpl.java:556)
	at org.eclipse.m2e.core.internal.embedder.MavenImpl.resolve(MavenImpl.java:541)
	at org.eclipse.m2e.jdt.internal.DownloadSourcesJob.download(DownloadSourcesJob.java:308)
	at org.eclipse.m2e.jdt.internal.DownloadSourcesJob.downloadAttachments(DownloadSourcesJob.java:282)
	at org.eclipse.m2e.jdt.internal.DownloadSourcesJob.downloadMaven(DownloadSourcesJob.java:252)
	at org.eclipse.m2e.jdt.internal.DownloadSourcesJob.downloadFilesAndPopulateToUpdate(DownloadSourcesJob.java:220)
	at org.eclipse.m2e.jdt.internal.DownloadSourcesJob.lambda$0(DownloadSourcesJob.java:149)
	at org.eclipse.m2e.core.internal.embedder.MavenExecutionContext.executeBare(MavenExecutionContext.java:364)
	at org.eclipse.m2e.core.internal.embedder.MavenExecutionContext.execute(MavenExecutionContext.java:274)
	at org.eclipse.m2e.core.internal.embedder.MavenExecutionContext.execute(MavenExecutionContext.java:213)
	at org.eclipse.m2e.core.embedder.IMaven.execute(IMaven.java:294)
	at org.eclipse.m2e.jdt.internal.DownloadSourcesJob.run(DownloadSourcesJob.java:149)
	at org.eclipse.core.internal.jobs.Worker.run(Worker.java:63)
2023-08-07 09:44:32,038 [Worker-35: Download sources and javadoc] INFO  o.e.m.c.i.e.AbstractTransferListenerAdapter - Downloading https://repo.maven.apache.org/maven2/com/google/code/findbugs/jsr305/3.0.2/jsr305-3.0.2-sources.jar
2023-08-07 09:44:32,161 [Worker-35: Download sources and javadoc] INFO  o.e.m.c.i.e.AbstractTransferListenerAdapter - Downloaded https://repo.maven.apache.org/maven2/com/google/code/findbugs/jsr305/3.0.2/jsr305-3.0.2-sources.jar
2023-08-07 09:44:32,162 [Worker-35: Download sources and javadoc] INFO  o.e.m.j.internal.DownloadSourcesJob - Downloaded sources for com.google.code.findbugs:jsr305:3.0.2
2023-08-07 09:44:32,327 [Worker-35: Download sources and javadoc] INFO  o.e.m.c.i.e.AbstractTransferListenerAdapter - Downloading https://repo.maven.apache.org/maven2/org/checkerframework/checker-qual/3.33.0/checker-qual-3.33.0-sources.jar
2023-08-07 09:44:32,606 [Worker-35: Download sources and javadoc] INFO  o.e.m.c.i.e.AbstractTransferListenerAdapter - Downloaded https://repo.maven.apache.org/maven2/org/checkerframework/checker-qual/3.33.0/checker-qual-3.33.0-sources.jar
2023-08-07 09:44:32,606 [Worker-35: Download sources and javadoc] INFO  o.e.m.j.internal.DownloadSourcesJob - Downloaded sources for org.checkerframework:checker-qual:3.33.0
2023-08-07 09:44:32,884 [Worker-35: Download sources and javadoc] INFO  o.e.m.c.i.e.AbstractTransferListenerAdapter - Downloading https://repo.maven.apache.org/maven2/com/google/errorprone/error_prone_annotations/2.18.0/error_prone_annotations-2.18.0-sources.jar
2023-08-07 09:44:33,006 [Worker-35: Download sources and javadoc] INFO  o.e.m.c.i.e.AbstractTransferListenerAdapter - Downloaded https://repo.maven.apache.org/maven2/com/google/errorprone/error_prone_annotations/2.18.0/error_prone_annotations-2.18.0-sources.jar
2023-08-07 09:44:33,007 [Worker-35: Download sources and javadoc] INFO  o.e.m.j.internal.DownloadSourcesJob - Downloaded sources for com.google.errorprone:error_prone_annotations:2.18.0
2023-08-07 09:44:33,166 [Worker-35: Download sources and javadoc] INFO  o.e.m.c.i.e.AbstractTransferListenerAdapter - Downloading https://repo.maven.apache.org/maven2/com/google/j2objc/j2objc-annotations/2.8/j2objc-annotations-2.8-sources.jar
2023-08-07 09:44:33,236 [Worker-35: Download sources and javadoc] INFO  o.e.m.c.i.e.AbstractTransferListenerAdapter - Downloaded https://repo.maven.apache.org/maven2/com/google/j2objc/j2objc-annotations/2.8/j2objc-annotations-2.8-sources.jar
2023-08-07 09:44:33,236 [Worker-35: Download sources and javadoc] INFO  o.e.m.j.internal.DownloadSourcesJob - Downloaded sources for com.google.j2objc:j2objc-annotations:2.8
2023-08-07 09:44:33,376 [Worker-35: Building] INFO  o.e.m.c.i.embedder.EclipseLogger - Using 'UTF-8' encoding to copy filtered resources.
2023-08-07 09:44:33,376 [Worker-35: Building] INFO  o.e.m.c.i.embedder.EclipseLogger - skip non existing resourceDirectory /home/walters/src/advance-java/helloworldmaveneclipse/guava-example/src/main/resources
2023-08-07 09:44:33,377 [Worker-35: Building] INFO  o.e.m.c.i.embedder.EclipseLogger - Using 'UTF-8' encoding to copy filtered resources.
2023-08-07 09:44:33,377 [Worker-35: Building] INFO  o.e.m.c.i.embedder.EclipseLogger - skip non existing resourceDirectory /home/walters/src/advance-java/helloworldmaveneclipse/guava-example/src/test/resources
2023-08-07 09:46:44,438 [Worker-33: Building] INFO  o.e.m.c.i.embedder.EclipseLogger - Using 'UTF-8' encoding to copy filtered resources.
2023-08-07 09:46:44,438 [Worker-33: Building] INFO  o.e.m.c.i.embedder.EclipseLogger - skip non existing resourceDirectory /home/walters/src/advance-java/helloworldmaveneclipse/guava-example/src/main/resources
2023-08-07 09:46:44,439 [Worker-33: Building] INFO  o.e.m.c.i.embedder.EclipseLogger - Using 'UTF-8' encoding to copy filtered resources.
2023-08-07 09:46:44,439 [Worker-33: Building] INFO  o.e.m.c.i.embedder.EclipseLogger - skip non existing resourceDirectory /home/walters/src/advance-java/helloworldmaveneclipse/guava-example/src/test/resources
2023-08-07 09:51:44,784 [Worker-35: Building] INFO  o.e.m.c.i.embedder.EclipseLogger - Using 'UTF-8' encoding to copy filtered resources.
2023-08-07 09:51:44,784 [Worker-35: Building] INFO  o.e.m.c.i.embedder.EclipseLogger - skip non existing resourceDirectory /home/walters/src/advance-java/helloworldmaveneclipse/guava-example/src/main/resources
2023-08-07 09:51:44,785 [Worker-35: Building] INFO  o.e.m.c.i.embedder.EclipseLogger - Using 'UTF-8' encoding to copy filtered resources.
2023-08-07 09:51:44,785 [Worker-35: Building] INFO  o.e.m.c.i.embedder.EclipseLogger - skip non existing resourceDirectory /home/walters/src/advance-java/helloworldmaveneclipse/guava-example/src/test/resources
2023-08-07 09:51:52,609 [Worker-37: Download sources and javadoc] INFO  o.e.m.c.i.e.AbstractTransferListenerAdapter - Downloaded https://repo.maven.apache.org/maven2/com/google/guava/listenablefuture/9999.0-empty-to-avoid-conflict-with-guava/listenablefuture-9999.0-empty-to-avoid-conflict-with-guava-javadoc.jar
2023-08-07 09:51:52,610 [Worker-37: Download sources and javadoc] ERROR o.e.m.j.internal.DownloadSourcesJob - Could not download javadoc for com.google.guava:listenablefuture:9999.0-empty-to-avoid-conflict-with-guava
org.eclipse.core.runtime.CoreException: Could not resolve artifact com.google.guava:listenablefuture:jar:javadoc:9999.0-empty-to-avoid-conflict-with-guava
	at org.eclipse.m2e.core.internal.embedder.MavenImpl.lambda$6(MavenImpl.java:587)
	at org.eclipse.m2e.core.internal.embedder.MavenExecutionContext.executeBare(MavenExecutionContext.java:364)
	at org.eclipse.m2e.core.internal.embedder.MavenExecutionContext.execute(MavenExecutionContext.java:227)
	at org.eclipse.m2e.core.internal.embedder.MavenExecutionContext.execute(MavenExecutionContext.java:213)
	at org.eclipse.m2e.core.internal.embedder.MavenImpl.resolve(MavenImpl.java:556)
	at org.eclipse.m2e.core.internal.embedder.MavenImpl.resolve(MavenImpl.java:541)
	at org.eclipse.m2e.jdt.internal.DownloadSourcesJob.download(DownloadSourcesJob.java:308)
	at org.eclipse.m2e.jdt.internal.DownloadSourcesJob.downloadAttachments(DownloadSourcesJob.java:294)
	at org.eclipse.m2e.jdt.internal.DownloadSourcesJob.downloadMaven(DownloadSourcesJob.java:252)
	at org.eclipse.m2e.jdt.internal.DownloadSourcesJob.downloadFilesAndPopulateToUpdate(DownloadSourcesJob.java:220)
	at org.eclipse.m2e.jdt.internal.DownloadSourcesJob.lambda$0(DownloadSourcesJob.java:149)
	at org.eclipse.m2e.core.internal.embedder.MavenExecutionContext.executeBare(MavenExecutionContext.java:364)
	at org.eclipse.m2e.core.internal.embedder.MavenExecutionContext.execute(MavenExecutionContext.java:274)
	at org.eclipse.m2e.core.internal.embedder.MavenExecutionContext.execute(MavenExecutionContext.java:213)
	at org.eclipse.m2e.core.embedder.IMaven.execute(IMaven.java:294)
	at org.eclipse.m2e.jdt.internal.DownloadSourcesJob.run(DownloadSourcesJob.java:149)
	at org.eclipse.core.internal.jobs.Worker.run(Worker.java:63)
2023-08-07 09:54:19,465 [main] INFO  o.e.m2e.actions.ExecutePomAction - Creating new launch configuration
2023-08-07 09:54:25,047 [Worker-30: Launching guava-example] INFO  o.e.m.i.launch.MavenLaunchDelegate - Run build in "/home/walters/src/advance-java/helloworldmaveneclipse/guava-example":
2023-08-07 09:54:25,047 [Worker-30: Launching guava-example] INFO  o.e.m.i.launch.MavenLaunchDelegate -  mvn  -B -Dstyle.color=always 
2023-08-07 10:40:36,325 [Worker-45: Building] INFO  o.e.m.c.i.embedder.EclipseLogger - Using 'UTF-8' encoding to copy filtered resources.
2023-08-07 10:40:36,325 [Worker-45: Building] INFO  o.e.m.c.i.embedder.EclipseLogger - skip non existing resourceDirectory /home/walters/src/advance-java/helloworldmaveneclipse/guava-example/src/main/resources
2023-08-07 10:40:36,326 [Worker-45: Building] INFO  o.e.m.c.i.embedder.EclipseLogger - Using 'UTF-8' encoding to copy filtered resources.
2023-08-07 10:40:36,326 [Worker-45: Building] INFO  o.e.m.c.i.embedder.EclipseLogger - skip non existing resourceDirectory /home/walters/src/advance-java/helloworldmaveneclipse/guava-example/src/test/resources
2023-08-07 10:41:06,685 [Worker-45: Building] INFO  o.e.m.c.i.embedder.EclipseLogger - Using 'UTF-8' encoding to copy filtered resources.
2023-08-07 10:41:06,685 [Worker-45: Building] INFO  o.e.m.c.i.embedder.EclipseLogger - skip non existing resourceDirectory /home/walters/src/advance-java/helloworldmaveneclipse/guava-example/src/main/resources
2023-08-07 10:41:06,686 [Worker-45: Building] INFO  o.e.m.c.i.embedder.EclipseLogger - Using 'UTF-8' encoding to copy filtered resources.
2023-08-07 10:41:06,686 [Worker-45: Building] INFO  o.e.m.c.i.embedder.EclipseLogger - skip non existing resourceDirectory /home/walters/src/advance-java/helloworldmaveneclipse/guava-example/src/test/resources
